<?xml version="1.0" encoding="UTF-8"?>
<testng-results skipped="0" failed="0" ignored="0" total="1" passed="1">
  <reporter-output>
  </reporter-output>
  <suite name="Command line suite" duration-ms="75691" started-at="2018-01-22T17:00:38Z" finished-at="2018-01-22T17:01:53Z">
    <groups>
    </groups>
    <test name="Command line test" duration-ms="75691" started-at="2018-01-22T17:00:38Z" finished-at="2018-01-22T17:01:53Z">
      <class name="com.cheapflights.tests.CheapFlightsTest">
        <test-method status="PASS" signature="launchBrowser()[pri:0, instance:com.cheapflights.tests.CheapFlightsTest@6276ae34]" name="launchBrowser" is-config="true" duration-ms="4255" started-at="2018-01-22T20:00:38Z" finished-at="2018-01-22T20:00:42Z">
          <reporter-output>
          </reporter-output>
        </test-method> <!-- launchBrowser -->
        <test-method name="openUrl" signature="openUrl()[pri:0, instance:com.cheapflights.tests.CheapFlightsTest@6276ae34]" is-config="true" status="PASS" duration-ms="4930" finished-at="2018-01-22T20:00:47Z" started-at="2018-01-22T20:00:42Z" depends-on-methods="com.cheapflights.tests.CheapFlightsTest.launchBrowser" description="Add implicit wait and maximize window">
          <reporter-output>
          </reporter-output>
        </test-method> <!-- openUrl -->
        <test-method status="PASS" signature="chooseTheCheapestFlight()[pri:0, instance:com.cheapflights.tests.CheapFlightsTest@6276ae34]" name="chooseTheCheapestFlight" duration-ms="66036" started-at="2018-01-22T20:00:47Z" description="Fill in form and get the cheapest flight" finished-at="2018-01-22T20:01:53Z">
          <reporter-output>
          </reporter-output>
        </test-method> <!-- chooseTheCheapestFlight -->
        <test-method status="PASS" signature="tearDown()[pri:0, instance:com.cheapflights.tests.CheapFlightsTest@6276ae34]" name="tearDown" is-config="true" duration-ms="444" started-at="2018-01-22T20:01:53Z" description="Close browser" finished-at="2018-01-22T20:01:53Z">
          <reporter-output>
          </reporter-output>
        </test-method> <!-- tearDown -->
      </class> <!-- com.cheapflights.tests.CheapFlightsTest -->
    </test> <!-- Command line test -->
  </suite> <!-- Command line suite -->
</testng-results>
